[2023-03-03T16:00:32.768+0000] {taskinstance.py:1083} INFO - Dependencies all met for <TaskInstance: metadata_scraper.scrape_goes_data manual__2023-03-03T16:00:13.701410+00:00 [queued]>
[2023-03-03T16:00:32.777+0000] {taskinstance.py:1083} INFO - Dependencies all met for <TaskInstance: metadata_scraper.scrape_goes_data manual__2023-03-03T16:00:13.701410+00:00 [queued]>
[2023-03-03T16:00:32.778+0000] {taskinstance.py:1279} INFO - 
--------------------------------------------------------------------------------
[2023-03-03T16:00:32.778+0000] {taskinstance.py:1280} INFO - Starting attempt 1 of 1
[2023-03-03T16:00:32.783+0000] {taskinstance.py:1281} INFO - 
--------------------------------------------------------------------------------
[2023-03-03T16:00:32.790+0000] {taskinstance.py:1300} INFO - Executing <Task(PythonOperator): scrape_goes_data> on 2023-03-03 16:00:13.701410+00:00
[2023-03-03T16:00:32.807+0000] {standard_task_runner.py:55} INFO - Started process 449 to run task
[2023-03-03T16:00:32.813+0000] {standard_task_runner.py:82} INFO - Running: ['***', 'tasks', 'run', 'metadata_scraper', 'scrape_goes_data', 'manual__2023-03-03T16:00:13.701410+00:00', '--job-id', '26', '--raw', '--subdir', 'DAGS_FOLDER/scrapper.py', '--cfg-path', '/tmp/tmpszlq8yd7']
[2023-03-03T16:00:32.815+0000] {standard_task_runner.py:83} INFO - Job 26: Subtask scrape_goes_data
[2023-03-03T16:00:32.895+0000] {task_command.py:388} INFO - Running <TaskInstance: metadata_scraper.scrape_goes_data manual__2023-03-03T16:00:13.701410+00:00 [running]> on host a1205c507e7b
[2023-03-03T16:00:32.968+0000] {taskinstance.py:1507} INFO - Exporting the following env vars:
AIRFLOW_CTX_DAG_OWNER=Charu Singh
AIRFLOW_CTX_DAG_ID=metadata_scraper
AIRFLOW_CTX_TASK_ID=scrape_goes_data
AIRFLOW_CTX_EXECUTION_DATE=2023-03-03T16:00:13.701410+00:00
AIRFLOW_CTX_TRY_NUMBER=1
AIRFLOW_CTX_DAG_RUN_ID=manual__2023-03-03T16:00:13.701410+00:00
[2023-03-03T16:00:51.203+0000] {python.py:177} INFO - Done. Returned value was: None
[2023-03-03T16:00:51.255+0000] {taskinstance.py:1318} INFO - Marking task as SUCCESS. dag_id=metadata_scraper, task_id=scrape_goes_data, execution_date=20230303T160013, start_date=20230303T160032, end_date=20230303T160051
[2023-03-03T16:00:51.450+0000] {local_task_job.py:208} INFO - Task exited with return code 0
