[2023-03-03T15:58:53.248+0000] {taskinstance.py:1083} INFO - Dependencies all met for <TaskInstance: metadata_scraper.scrape_goes_data manual__2023-03-03T15:58:34.179096+00:00 [queued]>
[2023-03-03T15:58:53.292+0000] {taskinstance.py:1083} INFO - Dependencies all met for <TaskInstance: metadata_scraper.scrape_goes_data manual__2023-03-03T15:58:34.179096+00:00 [queued]>
[2023-03-03T15:58:53.295+0000] {taskinstance.py:1279} INFO - 
--------------------------------------------------------------------------------
[2023-03-03T15:58:53.298+0000] {taskinstance.py:1280} INFO - Starting attempt 1 of 1
[2023-03-03T15:58:53.299+0000] {taskinstance.py:1281} INFO - 
--------------------------------------------------------------------------------
[2023-03-03T15:58:53.332+0000] {taskinstance.py:1300} INFO - Executing <Task(PythonOperator): scrape_goes_data> on 2023-03-03 15:58:34.179096+00:00
[2023-03-03T15:58:53.367+0000] {standard_task_runner.py:55} INFO - Started process 379 to run task
[2023-03-03T15:58:53.389+0000] {standard_task_runner.py:82} INFO - Running: ['***', 'tasks', 'run', 'metadata_scraper', 'scrape_goes_data', 'manual__2023-03-03T15:58:34.179096+00:00', '--job-id', '25', '--raw', '--subdir', 'DAGS_FOLDER/scrapper.py', '--cfg-path', '/tmp/tmpzi8lxeva']
[2023-03-03T15:58:53.391+0000] {standard_task_runner.py:83} INFO - Job 25: Subtask scrape_goes_data
[2023-03-03T15:58:53.868+0000] {task_command.py:388} INFO - Running <TaskInstance: metadata_scraper.scrape_goes_data manual__2023-03-03T15:58:34.179096+00:00 [running]> on host a1205c507e7b
[2023-03-03T15:58:54.534+0000] {taskinstance.py:1507} INFO - Exporting the following env vars:
AIRFLOW_CTX_DAG_OWNER=Charu Singh
AIRFLOW_CTX_DAG_ID=metadata_scraper
AIRFLOW_CTX_TASK_ID=scrape_goes_data
AIRFLOW_CTX_EXECUTION_DATE=2023-03-03T15:58:34.179096+00:00
AIRFLOW_CTX_TRY_NUMBER=1
AIRFLOW_CTX_DAG_RUN_ID=manual__2023-03-03T15:58:34.179096+00:00
[2023-03-03T15:59:38.028+0000] {python.py:177} INFO - Done. Returned value was: None
[2023-03-03T15:59:38.087+0000] {taskinstance.py:1318} INFO - Marking task as SUCCESS. dag_id=metadata_scraper, task_id=scrape_goes_data, execution_date=20230303T155834, start_date=20230303T155853, end_date=20230303T155938
[2023-03-03T15:59:38.212+0000] {local_task_job.py:208} INFO - Task exited with return code 0
