[2023-03-03T15:57:07.338+0000] {taskinstance.py:1083} INFO - Dependencies all met for <TaskInstance: metadata_scraper.export_to_csv manual__2023-03-03T15:54:12.752258+00:00 [queued]>
[2023-03-03T15:57:07.349+0000] {taskinstance.py:1083} INFO - Dependencies all met for <TaskInstance: metadata_scraper.export_to_csv manual__2023-03-03T15:54:12.752258+00:00 [queued]>
[2023-03-03T15:57:07.350+0000] {taskinstance.py:1279} INFO - 
--------------------------------------------------------------------------------
[2023-03-03T15:57:07.351+0000] {taskinstance.py:1280} INFO - Starting attempt 1 of 1
[2023-03-03T15:57:07.352+0000] {taskinstance.py:1281} INFO - 
--------------------------------------------------------------------------------
[2023-03-03T15:57:07.359+0000] {taskinstance.py:1300} INFO - Executing <Task(PythonOperator): export_to_csv> on 2023-03-03 15:54:12.752258+00:00
[2023-03-03T15:57:07.387+0000] {standard_task_runner.py:55} INFO - Started process 268 to run task
[2023-03-03T15:57:07.395+0000] {standard_task_runner.py:82} INFO - Running: ['***', 'tasks', 'run', 'metadata_scraper', 'export_to_csv', 'manual__2023-03-03T15:54:12.752258+00:00', '--job-id', '21', '--raw', '--subdir', 'DAGS_FOLDER/scrapper.py', '--cfg-path', '/tmp/tmp5fjjmgvu']
[2023-03-03T15:57:07.396+0000] {standard_task_runner.py:83} INFO - Job 21: Subtask export_to_csv
[2023-03-03T15:57:07.504+0000] {task_command.py:388} INFO - Running <TaskInstance: metadata_scraper.export_to_csv manual__2023-03-03T15:54:12.752258+00:00 [running]> on host a1205c507e7b
[2023-03-03T15:57:07.566+0000] {taskinstance.py:1507} INFO - Exporting the following env vars:
AIRFLOW_CTX_DAG_OWNER=Charu Singh
AIRFLOW_CTX_DAG_ID=metadata_scraper
AIRFLOW_CTX_TASK_ID=export_to_csv
AIRFLOW_CTX_EXECUTION_DATE=2023-03-03T15:54:12.752258+00:00
AIRFLOW_CTX_TRY_NUMBER=1
AIRFLOW_CTX_DAG_RUN_ID=manual__2023-03-03T15:54:12.752258+00:00
[2023-03-03T15:57:08.656+0000] {python.py:177} INFO - Done. Returned value was: None
[2023-03-03T15:57:08.668+0000] {taskinstance.py:1318} INFO - Marking task as SUCCESS. dag_id=metadata_scraper, task_id=export_to_csv, execution_date=20230303T155412, start_date=20230303T155707, end_date=20230303T155708
[2023-03-03T15:57:08.745+0000] {local_task_job.py:208} INFO - Task exited with return code 0
