[2023-03-03T15:56:54.613+0000] {taskinstance.py:1083} INFO - Dependencies all met for <TaskInstance: metadata_scraper.fetch_nexrad_stations manual__2023-03-03T15:54:12.752258+00:00 [queued]>
[2023-03-03T15:56:54.656+0000] {taskinstance.py:1083} INFO - Dependencies all met for <TaskInstance: metadata_scraper.fetch_nexrad_stations manual__2023-03-03T15:54:12.752258+00:00 [queued]>
[2023-03-03T15:56:54.659+0000] {taskinstance.py:1279} INFO - 
--------------------------------------------------------------------------------
[2023-03-03T15:56:54.663+0000] {taskinstance.py:1280} INFO - Starting attempt 1 of 1
[2023-03-03T15:56:54.668+0000] {taskinstance.py:1281} INFO - 
--------------------------------------------------------------------------------
[2023-03-03T15:56:54.695+0000] {taskinstance.py:1300} INFO - Executing <Task(PythonOperator): fetch_nexrad_stations> on 2023-03-03 15:54:12.752258+00:00
[2023-03-03T15:56:54.717+0000] {standard_task_runner.py:55} INFO - Started process 257 to run task
[2023-03-03T15:56:54.727+0000] {standard_task_runner.py:82} INFO - Running: ['***', 'tasks', 'run', 'metadata_scraper', 'fetch_nexrad_stations', 'manual__2023-03-03T15:54:12.752258+00:00', '--job-id', '20', '--raw', '--subdir', 'DAGS_FOLDER/scrapper.py', '--cfg-path', '/tmp/tmpqg2h3pi0']
[2023-03-03T15:56:54.730+0000] {standard_task_runner.py:83} INFO - Job 20: Subtask fetch_nexrad_stations
[2023-03-03T15:56:54.929+0000] {task_command.py:388} INFO - Running <TaskInstance: metadata_scraper.fetch_nexrad_stations manual__2023-03-03T15:54:12.752258+00:00 [running]> on host a1205c507e7b
[2023-03-03T15:56:55.095+0000] {taskinstance.py:1507} INFO - Exporting the following env vars:
AIRFLOW_CTX_DAG_OWNER=Charu Singh
AIRFLOW_CTX_DAG_ID=metadata_scraper
AIRFLOW_CTX_TASK_ID=fetch_nexrad_stations
AIRFLOW_CTX_EXECUTION_DATE=2023-03-03T15:54:12.752258+00:00
AIRFLOW_CTX_TRY_NUMBER=1
AIRFLOW_CTX_DAG_RUN_ID=manual__2023-03-03T15:54:12.752258+00:00
[2023-03-03T15:56:57.511+0000] {python.py:177} INFO - Done. Returned value was: None
[2023-03-03T15:56:57.594+0000] {taskinstance.py:1318} INFO - Marking task as SUCCESS. dag_id=metadata_scraper, task_id=fetch_nexrad_stations, execution_date=20230303T155412, start_date=20230303T155654, end_date=20230303T155657
[2023-03-03T15:56:57.743+0000] {local_task_job.py:208} INFO - Task exited with return code 0
