[2023-03-03T07:51:37.302+0000] {taskinstance.py:1083} INFO - Dependencies all met for <TaskInstance: metadata_scraper.fetch_nexrad_stations manual__2023-03-03T07:51:31.623033+00:00 [queued]>
[2023-03-03T07:51:37.313+0000] {taskinstance.py:1083} INFO - Dependencies all met for <TaskInstance: metadata_scraper.fetch_nexrad_stations manual__2023-03-03T07:51:31.623033+00:00 [queued]>
[2023-03-03T07:51:37.314+0000] {taskinstance.py:1279} INFO - 
--------------------------------------------------------------------------------
[2023-03-03T07:51:37.316+0000] {taskinstance.py:1280} INFO - Starting attempt 1 of 1
[2023-03-03T07:51:37.318+0000] {taskinstance.py:1281} INFO - 
--------------------------------------------------------------------------------
[2023-03-03T07:51:37.329+0000] {taskinstance.py:1300} INFO - Executing <Task(PythonOperator): fetch_nexrad_stations> on 2023-03-03 07:51:31.623033+00:00
[2023-03-03T07:51:37.344+0000] {standard_task_runner.py:55} INFO - Started process 540 to run task
[2023-03-03T07:51:37.353+0000] {standard_task_runner.py:82} INFO - Running: ['***', 'tasks', 'run', 'metadata_scraper', 'fetch_nexrad_stations', 'manual__2023-03-03T07:51:31.623033+00:00', '--job-id', '60', '--raw', '--subdir', 'DAGS_FOLDER/scrapper.py', '--cfg-path', '/tmp/tmp95yc0z89']
[2023-03-03T07:51:37.356+0000] {standard_task_runner.py:83} INFO - Job 60: Subtask fetch_nexrad_stations
[2023-03-03T07:51:37.469+0000] {task_command.py:388} INFO - Running <TaskInstance: metadata_scraper.fetch_nexrad_stations manual__2023-03-03T07:51:31.623033+00:00 [running]> on host 951056ee0f21
[2023-03-03T07:51:37.543+0000] {taskinstance.py:1509} INFO - Exporting the following env vars:
AIRFLOW_CTX_DAG_OWNER=Charu Singh
AIRFLOW_CTX_DAG_ID=metadata_scraper
AIRFLOW_CTX_TASK_ID=fetch_nexrad_stations
AIRFLOW_CTX_EXECUTION_DATE=2023-03-03T07:51:31.623033+00:00
AIRFLOW_CTX_TRY_NUMBER=1
AIRFLOW_CTX_DAG_RUN_ID=manual__2023-03-03T07:51:31.623033+00:00
[2023-03-03T07:51:38.332+0000] {python.py:177} INFO - Done. Returned value was: None
[2023-03-03T07:51:38.353+0000] {taskinstance.py:1323} INFO - Marking task as SUCCESS. dag_id=metadata_scraper, task_id=fetch_nexrad_stations, execution_date=20230303T075131, start_date=20230303T075137, end_date=20230303T075138
[2023-03-03T07:51:38.412+0000] {local_task_job.py:208} INFO - Task exited with return code 0
[2023-03-03T07:51:38.438+0000] {taskinstance.py:2578} INFO - 0 downstream tasks scheduled from follow-on schedule check
