[2023-03-03T15:54:24.324+0000] {taskinstance.py:1083} INFO - Dependencies all met for <TaskInstance: metadata_scraper.scrape_goes_data manual__2023-03-03T15:54:12.752258+00:00 [queued]>
[2023-03-03T15:54:24.365+0000] {taskinstance.py:1083} INFO - Dependencies all met for <TaskInstance: metadata_scraper.scrape_goes_data manual__2023-03-03T15:54:12.752258+00:00 [queued]>
[2023-03-03T15:54:24.372+0000] {taskinstance.py:1279} INFO - 
--------------------------------------------------------------------------------
[2023-03-03T15:54:24.379+0000] {taskinstance.py:1280} INFO - Starting attempt 1 of 1
[2023-03-03T15:54:24.382+0000] {taskinstance.py:1281} INFO - 
--------------------------------------------------------------------------------
[2023-03-03T15:54:24.414+0000] {taskinstance.py:1300} INFO - Executing <Task(PythonOperator): scrape_goes_data> on 2023-03-03 15:54:12.752258+00:00
[2023-03-03T15:54:24.435+0000] {standard_task_runner.py:55} INFO - Started process 132 to run task
[2023-03-03T15:54:24.454+0000] {standard_task_runner.py:82} INFO - Running: ['***', 'tasks', 'run', 'metadata_scraper', 'scrape_goes_data', 'manual__2023-03-03T15:54:12.752258+00:00', '--job-id', '19', '--raw', '--subdir', 'DAGS_FOLDER/scrapper.py', '--cfg-path', '/tmp/tmpav3ieawy']
[2023-03-03T15:54:24.464+0000] {standard_task_runner.py:83} INFO - Job 19: Subtask scrape_goes_data
[2023-03-03T15:54:24.705+0000] {task_command.py:388} INFO - Running <TaskInstance: metadata_scraper.scrape_goes_data manual__2023-03-03T15:54:12.752258+00:00 [running]> on host a1205c507e7b
[2023-03-03T15:54:25.122+0000] {taskinstance.py:1507} INFO - Exporting the following env vars:
AIRFLOW_CTX_DAG_OWNER=Charu Singh
AIRFLOW_CTX_DAG_ID=metadata_scraper
AIRFLOW_CTX_TASK_ID=scrape_goes_data
AIRFLOW_CTX_EXECUTION_DATE=2023-03-03T15:54:12.752258+00:00
AIRFLOW_CTX_TRY_NUMBER=1
AIRFLOW_CTX_DAG_RUN_ID=manual__2023-03-03T15:54:12.752258+00:00
[2023-03-03T15:54:44.334+0000] {python.py:177} INFO - Done. Returned value was: None
[2023-03-03T15:54:44.376+0000] {taskinstance.py:1318} INFO - Marking task as SUCCESS. dag_id=metadata_scraper, task_id=scrape_goes_data, execution_date=20230303T155412, start_date=20230303T155424, end_date=20230303T155444
[2023-03-03T15:54:44.479+0000] {local_task_job.py:208} INFO - Task exited with return code 0
