[2023-03-03T10:11:01.239+0000] {taskinstance.py:1083} INFO - Dependencies all met for <TaskInstance: metadata_scraper.fetch_nexrad_stations manual__2023-03-03T10:10:57.806658+00:00 [queued]>
[2023-03-03T10:11:01.252+0000] {taskinstance.py:1083} INFO - Dependencies all met for <TaskInstance: metadata_scraper.fetch_nexrad_stations manual__2023-03-03T10:10:57.806658+00:00 [queued]>
[2023-03-03T10:11:01.253+0000] {taskinstance.py:1279} INFO - 
--------------------------------------------------------------------------------
[2023-03-03T10:11:01.254+0000] {taskinstance.py:1280} INFO - Starting attempt 1 of 1
[2023-03-03T10:11:01.255+0000] {taskinstance.py:1281} INFO - 
--------------------------------------------------------------------------------
[2023-03-03T10:11:01.266+0000] {taskinstance.py:1300} INFO - Executing <Task(PythonOperator): fetch_nexrad_stations> on 2023-03-03 10:10:57.806658+00:00
[2023-03-03T10:11:01.280+0000] {standard_task_runner.py:55} INFO - Started process 124 to run task
[2023-03-03T10:11:01.291+0000] {standard_task_runner.py:82} INFO - Running: ['***', 'tasks', 'run', 'metadata_scraper', 'fetch_nexrad_stations', 'manual__2023-03-03T10:10:57.806658+00:00', '--job-id', '3', '--raw', '--subdir', 'DAGS_FOLDER/scrapper.py', '--cfg-path', '/tmp/tmp41z6ihc1']
[2023-03-03T10:11:01.297+0000] {standard_task_runner.py:83} INFO - Job 3: Subtask fetch_nexrad_stations
[2023-03-03T10:11:01.415+0000] {task_command.py:388} INFO - Running <TaskInstance: metadata_scraper.fetch_nexrad_stations manual__2023-03-03T10:10:57.806658+00:00 [running]> on host 497afd8bf811
[2023-03-03T10:11:01.515+0000] {taskinstance.py:1509} INFO - Exporting the following env vars:
AIRFLOW_CTX_DAG_OWNER=Charu Singh
AIRFLOW_CTX_DAG_ID=metadata_scraper
AIRFLOW_CTX_TASK_ID=fetch_nexrad_stations
AIRFLOW_CTX_EXECUTION_DATE=2023-03-03T10:10:57.806658+00:00
AIRFLOW_CTX_TRY_NUMBER=1
AIRFLOW_CTX_DAG_RUN_ID=manual__2023-03-03T10:10:57.806658+00:00
[2023-03-03T10:11:03.475+0000] {python.py:177} INFO - Done. Returned value was: None
[2023-03-03T10:11:03.498+0000] {taskinstance.py:1323} INFO - Marking task as SUCCESS. dag_id=metadata_scraper, task_id=fetch_nexrad_stations, execution_date=20230303T101057, start_date=20230303T101101, end_date=20230303T101103
[2023-03-03T10:11:03.600+0000] {local_task_job.py:208} INFO - Task exited with return code 0
[2023-03-03T10:11:03.640+0000] {taskinstance.py:2578} INFO - 0 downstream tasks scheduled from follow-on schedule check
