[2023-03-03T15:58:53.263+0000] {taskinstance.py:1083} INFO - Dependencies all met for <TaskInstance: metadata_scraper.scrape_nexrad_data manual__2023-03-03T15:58:34.179096+00:00 [queued]>
[2023-03-03T15:58:53.294+0000] {taskinstance.py:1083} INFO - Dependencies all met for <TaskInstance: metadata_scraper.scrape_nexrad_data manual__2023-03-03T15:58:34.179096+00:00 [queued]>
[2023-03-03T15:58:53.297+0000] {taskinstance.py:1279} INFO - 
--------------------------------------------------------------------------------
[2023-03-03T15:58:53.299+0000] {taskinstance.py:1280} INFO - Starting attempt 1 of 1
[2023-03-03T15:58:53.309+0000] {taskinstance.py:1281} INFO - 
--------------------------------------------------------------------------------
[2023-03-03T15:58:53.350+0000] {taskinstance.py:1300} INFO - Executing <Task(PythonOperator): scrape_nexrad_data> on 2023-03-03 15:58:34.179096+00:00
[2023-03-03T15:58:53.376+0000] {standard_task_runner.py:55} INFO - Started process 380 to run task
[2023-03-03T15:58:53.487+0000] {standard_task_runner.py:82} INFO - Running: ['***', 'tasks', 'run', 'metadata_scraper', 'scrape_nexrad_data', 'manual__2023-03-03T15:58:34.179096+00:00', '--job-id', '24', '--raw', '--subdir', 'DAGS_FOLDER/scrapper.py', '--cfg-path', '/tmp/tmpeou2s5ho']
[2023-03-03T15:58:53.508+0000] {standard_task_runner.py:83} INFO - Job 24: Subtask scrape_nexrad_data
[2023-03-03T15:58:54.088+0000] {task_command.py:388} INFO - Running <TaskInstance: metadata_scraper.scrape_nexrad_data manual__2023-03-03T15:58:34.179096+00:00 [running]> on host a1205c507e7b
[2023-03-03T15:58:54.881+0000] {taskinstance.py:1507} INFO - Exporting the following env vars:
AIRFLOW_CTX_DAG_OWNER=Charu Singh
AIRFLOW_CTX_DAG_ID=metadata_scraper
AIRFLOW_CTX_TASK_ID=scrape_nexrad_data
AIRFLOW_CTX_EXECUTION_DATE=2023-03-03T15:58:34.179096+00:00
AIRFLOW_CTX_TRY_NUMBER=1
AIRFLOW_CTX_DAG_RUN_ID=manual__2023-03-03T15:58:34.179096+00:00
[2023-03-03T15:59:21.516+0000] {local_task_job.py:208} INFO - Task exited with return code Negsignal.SIGKILL
