[2023-03-03T07:57:44.478+0000] {taskinstance.py:1083} INFO - Dependencies all met for <TaskInstance: metadata_scraper.fetch_nexrad_stations manual__2023-03-03T07:57:37.707397+00:00 [queued]>
[2023-03-03T07:57:44.487+0000] {taskinstance.py:1083} INFO - Dependencies all met for <TaskInstance: metadata_scraper.fetch_nexrad_stations manual__2023-03-03T07:57:37.707397+00:00 [queued]>
[2023-03-03T07:57:44.488+0000] {taskinstance.py:1279} INFO - 
--------------------------------------------------------------------------------
[2023-03-03T07:57:44.489+0000] {taskinstance.py:1280} INFO - Starting attempt 1 of 1
[2023-03-03T07:57:44.490+0000] {taskinstance.py:1281} INFO - 
--------------------------------------------------------------------------------
[2023-03-03T07:57:44.500+0000] {taskinstance.py:1300} INFO - Executing <Task(PythonOperator): fetch_nexrad_stations> on 2023-03-03 07:57:37.707397+00:00
[2023-03-03T07:57:44.518+0000] {standard_task_runner.py:55} INFO - Started process 924 to run task
[2023-03-03T07:57:44.537+0000] {standard_task_runner.py:82} INFO - Running: ['***', 'tasks', 'run', 'metadata_scraper', 'fetch_nexrad_stations', 'manual__2023-03-03T07:57:37.707397+00:00', '--job-id', '62', '--raw', '--subdir', 'DAGS_FOLDER/scrapper.py', '--cfg-path', '/tmp/tmp_dvb38sd']
[2023-03-03T07:57:44.539+0000] {standard_task_runner.py:83} INFO - Job 62: Subtask fetch_nexrad_stations
[2023-03-03T07:57:44.636+0000] {task_command.py:388} INFO - Running <TaskInstance: metadata_scraper.fetch_nexrad_stations manual__2023-03-03T07:57:37.707397+00:00 [running]> on host 951056ee0f21
[2023-03-03T07:57:44.749+0000] {taskinstance.py:1509} INFO - Exporting the following env vars:
AIRFLOW_CTX_DAG_OWNER=Charu Singh
AIRFLOW_CTX_DAG_ID=metadata_scraper
AIRFLOW_CTX_TASK_ID=fetch_nexrad_stations
AIRFLOW_CTX_EXECUTION_DATE=2023-03-03T07:57:37.707397+00:00
AIRFLOW_CTX_TRY_NUMBER=1
AIRFLOW_CTX_DAG_RUN_ID=manual__2023-03-03T07:57:37.707397+00:00
[2023-03-03T07:57:45.807+0000] {python.py:177} INFO - Done. Returned value was: None
[2023-03-03T07:57:45.837+0000] {taskinstance.py:1323} INFO - Marking task as SUCCESS. dag_id=metadata_scraper, task_id=fetch_nexrad_stations, execution_date=20230303T075737, start_date=20230303T075744, end_date=20230303T075745
[2023-03-03T07:57:45.927+0000] {local_task_job.py:208} INFO - Task exited with return code 0
[2023-03-03T07:57:46.021+0000] {taskinstance.py:2578} INFO - 0 downstream tasks scheduled from follow-on schedule check
